The target system is: QNX -  - x86_64
The host system is: Linux - 5.15.0-69-generic - x86_64
Compiling the C compiler identification source file "CMakeCCompilerId.c" succeeded.
Compiler: /home/chachoi/upstream_target/host/linux/x86_64/usr/bin/qcc 
Build flags: ;-Vgcc_ntox86_64;;;-I.;-I/home/chachoi/upstream/googletest/build_qnx/nto/x86_64/so;-I/home/chachoi/upstream/googletest/build_qnx/nto/x86_64;-I/home/chachoi/upstream/googletest/build_qnx/nto;-I/home/chachoi/upstream/googletest/build_qnx;-I/home/chachoi/upstream_target/target/qnx7/usr/include
Id flags:  

The output was:
0


Compilation of the C compiler identification source "CMakeCCompilerId.c" produced "a.out"

The C compiler identification is GNU, found in "/home/chachoi/upstream/googletest/build_qnx/nto/x86_64/so/build/CMakeFiles/3.18.0/CompilerIdC/a.out"

Compiling the CXX compiler identification source file "CMakeCXXCompilerId.cpp" succeeded.
Compiler: /home/chachoi/upstream_target/host/linux/x86_64/usr/bin/qcc 
Build flags: ;-Vgcc_ntox86_64;-std=gnu++11;;;-I.;-I/home/chachoi/upstream/googletest/build_qnx/nto/x86_64/so;-I/home/chachoi/upstream/googletest/build_qnx/nto/x86_64;-I/home/chachoi/upstream/googletest/build_qnx/nto;-I/home/chachoi/upstream/googletest/build_qnx;-I/home/chachoi/upstream_target/target/qnx7/usr/include
Id flags:  

The output was:
0


Compilation of the CXX compiler identification source "CMakeCXXCompilerId.cpp" produced "a.out"

The CXX compiler identification is GNU, found in "/home/chachoi/upstream/googletest/build_qnx/nto/x86_64/so/build/CMakeFiles/3.18.0/CompilerIdCXX/a.out"

Detecting C compiler ABI info compiled with the following output:
Change Dir: /home/chachoi/upstream/googletest/build_qnx/nto/x86_64/so/build/CMakeFiles/CMakeTmp

Run Build Command(s):/home/chachoi/upstream_target/host/linux/x86_64/usr/bin/make cmTC_f2eba/fast && make[4]: Entering directory '/home/chachoi/upstream/googletest/build_qnx/nto/x86_64/so/build/CMakeFiles/CMakeTmp'
/home/chachoi/upstream_target/host/linux/x86_64/usr/bin/make  -f CMakeFiles/cmTC_f2eba.dir/build.make CMakeFiles/cmTC_f2eba.dir/build
make[5]: Entering directory '/home/chachoi/upstream/googletest/build_qnx/nto/x86_64/so/build/CMakeFiles/CMakeTmp'
Building C object CMakeFiles/cmTC_f2eba.dir/CMakeCCompilerABI.c.o
/home/chachoi/upstream_target/host/linux/x86_64/usr/bin/qcc   -Vgcc_ntox86_64   -I. -I/home/chachoi/upstream/googletest/build_qnx/nto/x86_64/so -I/home/chachoi/upstream/googletest/build_qnx/nto/x86_64 -I/home/chachoi/upstream/googletest/build_qnx/nto -I/home/chachoi/upstream/googletest/build_qnx -I/home/chachoi/upstream_target/target/qnx7/usr/include    -v -o CMakeFiles/cmTC_f2eba.dir/CMakeCCompilerABI.c.o -c /usr/share/cmake-3.18/Modules/CMakeCCompilerABI.c
cc: looking for gcc_ntox86_64 in /home/chachoi/upstream_target/host/linux/x86_64/etc/qcc/gcc/8.3.0/gcc_ntox86_64++.conf
cc: looking for gcc_ntox86_64 in /home/chachoi/upstream_target/host/linux/x86_64/etc/qcc/gcc/8.3.0/gcc_ntox86_64.conf
/home/chachoi/upstream_target/host/linux/x86_64/usr/lib/gcc/x86_64-pc-nto-qnx7.1.0/8.3.0/cc1 -I. -I/home/chachoi/upstream/googletest/build_qnx/nto/x86_64/so -I/home/chachoi/upstream/googletest/build_qnx/nto/x86_64 -I/home/chachoi/upstream/googletest/build_qnx/nto -I/home/chachoi/upstream/googletest/build_qnx -I/home/chachoi/upstream_target/target/qnx7/usr/include -quiet -fstack-protector-strong -mcmodel=small -nostdinc -D__LANGUAGE_C -D_LANGUAGE_C -D__QNX__ -D__QNXNTO__ -D__GNUC__=8 -D__GNUC_MINOR__=3 -D__GNUC_PATCHLEVEL__=0 -D__unix__ -D__unix -D__ELF__ -fPIE -D__X86_64__ -D__LITTLEENDIAN__ -Asystem(unix) -isystem /home/chachoi/upstream_target/target/qnx7/usr/include -isystem /home/chachoi/upstream_target/host/linux/x86_64/usr/lib/gcc/x86_64-pc-nto-qnx7.1.0/8.3.0/include /usr/share/cmake-3.18/Modules/CMakeCCompilerABI.c -dumpbase /usr/share/cmake-3.18/Modules/CMakeCCompilerABI.c -o - | \
 /home/chachoi/upstream_target/host/linux/x86_64/usr/bin/x86_64-pc-nto-qnx7.1.0-as -o CMakeFiles/cmTC_f2eba.dir/CMakeCCompilerABI.c.o
Linking C executable cmTC_f2eba
/usr/bin/cmake -E cmake_link_script CMakeFiles/cmTC_f2eba.dir/link.txt --verbose=1
/home/chachoi/upstream_target/host/linux/x86_64/usr/bin/qcc  -Vgcc_ntox86_64   -I. -I/home/chachoi/upstream/googletest/build_qnx/nto/x86_64/so -I/home/chachoi/upstream/googletest/build_qnx/nto/x86_64 -I/home/chachoi/upstream/googletest/build_qnx/nto -I/home/chachoi/upstream/googletest/build_qnx -I/home/chachoi/upstream_target/target/qnx7/usr/include   -Wl,--build-id=md5 -v CMakeFiles/cmTC_f2eba.dir/CMakeCCompilerABI.c.o -o cmTC_f2eba 
cc: looking for gcc_ntox86_64 in /home/chachoi/upstream_target/host/linux/x86_64/etc/qcc/gcc/8.3.0/gcc_ntox86_64++.conf
cc: looking for gcc_ntox86_64 in /home/chachoi/upstream_target/host/linux/x86_64/etc/qcc/gcc/8.3.0/gcc_ntox86_64.conf
/home/chachoi/upstream_target/host/linux/x86_64/usr/bin/x86_64-pc-nto-qnx7.1.0-ld -plugin=/home/chachoi/upstream_target/host/linux/x86_64/usr/lib/gcc/x86_64-pc-nto-qnx7.1.0/8.3.0/liblto_plugin.so -plugin-opt=/home/chachoi/upstream_target/host/linux/x86_64/usr/lib/gcc/x86_64-pc-nto-qnx7.1.0/8.3.0/lto-wrapper -plugin-opt=-fresolution=/tmp/fileptyRFa_qcc_2450191/tmp_qcc_2450191.res --dynamic-linker /usr/lib/ldqnx-64.so.2 --sysroot=/home/chachoi/upstream_target/target/qnx7/x86_64/ --hash-style=gnu --build-id=md5 --warn-shared-textrel -zrelro -znow -pie --eh-frame-hdr /home/chachoi/upstream_target/target/qnx7/x86_64/lib/crt1.o /home/chachoi/upstream_target/target/qnx7/x86_64/lib/crti.o /home/chachoi/upstream_target/host/linux/x86_64/usr/lib/gcc/x86_64-pc-nto-qnx7.1.0/8.3.0/pic/crtbegin.o --build-id=md5 CMakeFiles/cmTC_f2eba.dir/CMakeCCompilerABI.c.o -o cmTC_f2eba -rpath-link /home/chachoi/upstream_target/target/qnx7/x86_64/lib:/home/chachoi/upstream_target/target/qnx7/x86_64/usr/lib:/home/chachoi/upstream_target/target/qnx7/x86_64/lib/gcc/8.3.0:/home/chachoi/upstream_target/target/qnx7/x86_64/opt/lib -Y/home/chachoi/upstream_target/target/qnx7/x86_64/lib:/home/chachoi/upstream_target/target/qnx7/x86_64/usr/lib:/home/chachoi/upstream_target/target/qnx7/x86_64/opt/lib -L/home/chachoi/upstream_target/host/linux/x86_64/usr/lib/gcc/x86_64-pc-nto-qnx7.1.0/8.3.0 -L/home/chachoi/upstream_target/target/qnx7/x86_64/lib/gcc/8.3.0 -L/home/chachoi/upstream_target/target/qnx7/usr/x86_64-pc-nto-qnx7.1.0/lib -L/home/chachoi/upstream_target/target/qnx7/x86_64/lib -L/home/chachoi/upstream_target/target/qnx7/x86_64/usr/lib -L/home/chachoi/upstream_target/target/qnx7/x86_64/opt/lib -lc -lcS -lgcc_s -lgcc_eh /home/chachoi/upstream_target/host/linux/x86_64/usr/lib/gcc/x86_64-pc-nto-qnx7.1.0/8.3.0/pic/crtend.o /home/chachoi/upstream_target/target/qnx7/x86_64/lib/crtn.o
cc: unlinking /tmp/fileptyRFa_qcc_2450191/tmp_qcc_2450191.res
cc: removing  /tmp/fileptyRFa_qcc_2450191
make[5]: Leaving directory '/home/chachoi/upstream/googletest/build_qnx/nto/x86_64/so/build/CMakeFiles/CMakeTmp'
make[4]: Leaving directory '/home/chachoi/upstream/googletest/build_qnx/nto/x86_64/so/build/CMakeFiles/CMakeTmp'



Parsed C implicit include dir info from above output: rv=start
  warn: unable to parse implicit include dirs!


Parsed C implicit link information from above output:
  link line regex: [^( *|.*[/\])(ld|CMAKE_LINK_STARTFILE-NOTFOUND|([^/\]+-)?ld|collect2)[^/\]*( |$)]
  ignore line: [Change Dir: /home/chachoi/upstream/googletest/build_qnx/nto/x86_64/so/build/CMakeFiles/CMakeTmp]
  ignore line: []
  ignore line: [Run Build Command(s):/home/chachoi/upstream_target/host/linux/x86_64/usr/bin/make cmTC_f2eba/fast && make[4]: Entering directory '/home/chachoi/upstream/googletest/build_qnx/nto/x86_64/so/build/CMakeFiles/CMakeTmp']
  ignore line: [/home/chachoi/upstream_target/host/linux/x86_64/usr/bin/make  -f CMakeFiles/cmTC_f2eba.dir/build.make CMakeFiles/cmTC_f2eba.dir/build]
  ignore line: [make[5]: Entering directory '/home/chachoi/upstream/googletest/build_qnx/nto/x86_64/so/build/CMakeFiles/CMakeTmp']
  ignore line: [Building C object CMakeFiles/cmTC_f2eba.dir/CMakeCCompilerABI.c.o]
  ignore line: [/home/chachoi/upstream_target/host/linux/x86_64/usr/bin/qcc   -Vgcc_ntox86_64   -I. -I/home/chachoi/upstream/googletest/build_qnx/nto/x86_64/so -I/home/chachoi/upstream/googletest/build_qnx/nto/x86_64 -I/home/chachoi/upstream/googletest/build_qnx/nto -I/home/chachoi/upstream/googletest/build_qnx -I/home/chachoi/upstream_target/target/qnx7/usr/include    -v -o CMakeFiles/cmTC_f2eba.dir/CMakeCCompilerABI.c.o -c /usr/share/cmake-3.18/Modules/CMakeCCompilerABI.c]
  ignore line: [cc: looking for gcc_ntox86_64 in /home/chachoi/upstream_target/host/linux/x86_64/etc/qcc/gcc/8.3.0/gcc_ntox86_64++.conf]
  ignore line: [cc: looking for gcc_ntox86_64 in /home/chachoi/upstream_target/host/linux/x86_64/etc/qcc/gcc/8.3.0/gcc_ntox86_64.conf]
  ignore line: [/home/chachoi/upstream_target/host/linux/x86_64/usr/lib/gcc/x86_64-pc-nto-qnx7.1.0/8.3.0/cc1 -I. -I/home/chachoi/upstream/googletest/build_qnx/nto/x86_64/so -I/home/chachoi/upstream/googletest/build_qnx/nto/x86_64 -I/home/chachoi/upstream/googletest/build_qnx/nto -I/home/chachoi/upstream/googletest/build_qnx -I/home/chachoi/upstream_target/target/qnx7/usr/include -quiet -fstack-protector-strong -mcmodel=small -nostdinc -D__LANGUAGE_C -D_LANGUAGE_C -D__QNX__ -D__QNXNTO__ -D__GNUC__=8 -D__GNUC_MINOR__=3 -D__GNUC_PATCHLEVEL__=0 -D__unix__ -D__unix -D__ELF__ -fPIE -D__X86_64__ -D__LITTLEENDIAN__ -Asystem(unix) -isystem /home/chachoi/upstream_target/target/qnx7/usr/include -isystem /home/chachoi/upstream_target/host/linux/x86_64/usr/lib/gcc/x86_64-pc-nto-qnx7.1.0/8.3.0/include /usr/share/cmake-3.18/Modules/CMakeCCompilerABI.c -dumpbase /usr/share/cmake-3.18/Modules/CMakeCCompilerABI.c -o - | ; /home/chachoi/upstream_target/host/linux/x86_64/usr/bin/x86_64-pc-nto-qnx7.1.0-as -o CMakeFiles/cmTC_f2eba.dir/CMakeCCompilerABI.c.o]
  ignore line: [Linking C executable cmTC_f2eba]
  ignore line: [/usr/bin/cmake -E cmake_link_script CMakeFiles/cmTC_f2eba.dir/link.txt --verbose=1]
  ignore line: [/home/chachoi/upstream_target/host/linux/x86_64/usr/bin/qcc  -Vgcc_ntox86_64   -I. -I/home/chachoi/upstream/googletest/build_qnx/nto/x86_64/so -I/home/chachoi/upstream/googletest/build_qnx/nto/x86_64 -I/home/chachoi/upstream/googletest/build_qnx/nto -I/home/chachoi/upstream/googletest/build_qnx -I/home/chachoi/upstream_target/target/qnx7/usr/include   -Wl --build-id=md5 -v CMakeFiles/cmTC_f2eba.dir/CMakeCCompilerABI.c.o -o cmTC_f2eba ]
  ignore line: [cc: looking for gcc_ntox86_64 in /home/chachoi/upstream_target/host/linux/x86_64/etc/qcc/gcc/8.3.0/gcc_ntox86_64++.conf]
  ignore line: [cc: looking for gcc_ntox86_64 in /home/chachoi/upstream_target/host/linux/x86_64/etc/qcc/gcc/8.3.0/gcc_ntox86_64.conf]
  link line: [/home/chachoi/upstream_target/host/linux/x86_64/usr/bin/x86_64-pc-nto-qnx7.1.0-ld -plugin=/home/chachoi/upstream_target/host/linux/x86_64/usr/lib/gcc/x86_64-pc-nto-qnx7.1.0/8.3.0/liblto_plugin.so -plugin-opt=/home/chachoi/upstream_target/host/linux/x86_64/usr/lib/gcc/x86_64-pc-nto-qnx7.1.0/8.3.0/lto-wrapper -plugin-opt=-fresolution=/tmp/fileptyRFa_qcc_2450191/tmp_qcc_2450191.res --dynamic-linker /usr/lib/ldqnx-64.so.2 --sysroot=/home/chachoi/upstream_target/target/qnx7/x86_64/ --hash-style=gnu --build-id=md5 --warn-shared-textrel -zrelro -znow -pie --eh-frame-hdr /home/chachoi/upstream_target/target/qnx7/x86_64/lib/crt1.o /home/chachoi/upstream_target/target/qnx7/x86_64/lib/crti.o /home/chachoi/upstream_target/host/linux/x86_64/usr/lib/gcc/x86_64-pc-nto-qnx7.1.0/8.3.0/pic/crtbegin.o --build-id=md5 CMakeFiles/cmTC_f2eba.dir/CMakeCCompilerABI.c.o -o cmTC_f2eba -rpath-link /home/chachoi/upstream_target/target/qnx7/x86_64/lib:/home/chachoi/upstream_target/target/qnx7/x86_64/usr/lib:/home/chachoi/upstream_target/target/qnx7/x86_64/lib/gcc/8.3.0:/home/chachoi/upstream_target/target/qnx7/x86_64/opt/lib -Y/home/chachoi/upstream_target/target/qnx7/x86_64/lib:/home/chachoi/upstream_target/target/qnx7/x86_64/usr/lib:/home/chachoi/upstream_target/target/qnx7/x86_64/opt/lib -L/home/chachoi/upstream_target/host/linux/x86_64/usr/lib/gcc/x86_64-pc-nto-qnx7.1.0/8.3.0 -L/home/chachoi/upstream_target/target/qnx7/x86_64/lib/gcc/8.3.0 -L/home/chachoi/upstream_target/target/qnx7/usr/x86_64-pc-nto-qnx7.1.0/lib -L/home/chachoi/upstream_target/target/qnx7/x86_64/lib -L/home/chachoi/upstream_target/target/qnx7/x86_64/usr/lib -L/home/chachoi/upstream_target/target/qnx7/x86_64/opt/lib -lc -lcS -lgcc_s -lgcc_eh /home/chachoi/upstream_target/host/linux/x86_64/usr/lib/gcc/x86_64-pc-nto-qnx7.1.0/8.3.0/pic/crtend.o /home/chachoi/upstream_target/target/qnx7/x86_64/lib/crtn.o]
    arg [/home/chachoi/upstream_target/host/linux/x86_64/usr/bin/x86_64-pc-nto-qnx7.1.0-ld] ==> ignore
    arg [-plugin=/home/chachoi/upstream_target/host/linux/x86_64/usr/lib/gcc/x86_64-pc-nto-qnx7.1.0/8.3.0/liblto_plugin.so] ==> ignore
    arg [-plugin-opt=/home/chachoi/upstream_target/host/linux/x86_64/usr/lib/gcc/x86_64-pc-nto-qnx7.1.0/8.3.0/lto-wrapper] ==> ignore
    arg [-plugin-opt=-fresolution=/tmp/fileptyRFa_qcc_2450191/tmp_qcc_2450191.res] ==> ignore
    arg [--dynamic-linker] ==> ignore
    arg [/usr/lib/ldqnx-64.so.2] ==> ignore
    arg [--sysroot=/home/chachoi/upstream_target/target/qnx7/x86_64/] ==> ignore
    arg [--hash-style=gnu] ==> ignore
    arg [--build-id=md5] ==> ignore
    arg [--warn-shared-textrel] ==> ignore
    arg [-zrelro] ==> ignore
    arg [-znow] ==> ignore
    arg [-pie] ==> ignore
    arg [--eh-frame-hdr] ==> ignore
    arg [/home/chachoi/upstream_target/target/qnx7/x86_64/lib/crt1.o] ==> ignore
    arg [/home/chachoi/upstream_target/target/qnx7/x86_64/lib/crti.o] ==> ignore
    arg [/home/chachoi/upstream_target/host/linux/x86_64/usr/lib/gcc/x86_64-pc-nto-qnx7.1.0/8.3.0/pic/crtbegin.o] ==> ignore
    arg [--build-id=md5] ==> ignore
    arg [CMakeFiles/cmTC_f2eba.dir/CMakeCCompilerABI.c.o] ==> ignore
    arg [-o] ==> ignore
    arg [cmTC_f2eba] ==> ignore
    arg [-rpath-link] ==> ignore
    arg [/home/chachoi/upstream_target/target/qnx7/x86_64/lib:/home/chachoi/upstream_target/target/qnx7/x86_64/usr/lib:/home/chachoi/upstream_target/target/qnx7/x86_64/lib/gcc/8.3.0:/home/chachoi/upstream_target/target/qnx7/x86_64/opt/lib] ==> ignore
    arg [-Y/home/chachoi/upstream_target/target/qnx7/x86_64/lib:/home/chachoi/upstream_target/target/qnx7/x86_64/usr/lib:/home/chachoi/upstream_target/target/qnx7/x86_64/opt/lib] ==> dirs [/home/chachoi/upstream_target/target/qnx7/x86_64/lib;/home/chachoi/upstream_target/target/qnx7/x86_64/usr/lib;/home/chachoi/upstream_target/target/qnx7/x86_64/opt/lib]
    arg [-L/home/chachoi/upstream_target/host/linux/x86_64/usr/lib/gcc/x86_64-pc-nto-qnx7.1.0/8.3.0] ==> dir [/home/chachoi/upstream_target/host/linux/x86_64/usr/lib/gcc/x86_64-pc-nto-qnx7.1.0/8.3.0]
    arg [-L/home/chachoi/upstream_target/target/qnx7/x86_64/lib/gcc/8.3.0] ==> dir [/home/chachoi/upstream_target/target/qnx7/x86_64/lib/gcc/8.3.0]
    arg [-L/home/chachoi/upstream_target/target/qnx7/usr/x86_64-pc-nto-qnx7.1.0/lib] ==> dir [/home/chachoi/upstream_target/target/qnx7/usr/x86_64-pc-nto-qnx7.1.0/lib]
    arg [-L/home/chachoi/upstream_target/target/qnx7/x86_64/lib] ==> dir [/home/chachoi/upstream_target/target/qnx7/x86_64/lib]
    arg [-L/home/chachoi/upstream_target/target/qnx7/x86_64/usr/lib] ==> dir [/home/chachoi/upstream_target/target/qnx7/x86_64/usr/lib]
    arg [-L/home/chachoi/upstream_target/target/qnx7/x86_64/opt/lib] ==> dir [/home/chachoi/upstream_target/target/qnx7/x86_64/opt/lib]
    arg [-lc] ==> lib [c]
    arg [-lcS] ==> lib [cS]
    arg [-lgcc_s] ==> lib [gcc_s]
    arg [-lgcc_eh] ==> lib [gcc_eh]
    arg [/home/chachoi/upstream_target/host/linux/x86_64/usr/lib/gcc/x86_64-pc-nto-qnx7.1.0/8.3.0/pic/crtend.o] ==> ignore
    arg [/home/chachoi/upstream_target/target/qnx7/x86_64/lib/crtn.o] ==> ignore
  remove lib [gcc_eh]
  collapse library dir [/home/chachoi/upstream_target/target/qnx7/x86_64/lib] ==> [/home/chachoi/upstream_target/target/qnx7/x86_64/lib]
  collapse library dir [/home/chachoi/upstream_target/target/qnx7/x86_64/usr/lib] ==> [/home/chachoi/upstream_target/target/qnx7/x86_64/usr/lib]
  collapse library dir [/home/chachoi/upstream_target/target/qnx7/x86_64/opt/lib] ==> [/home/chachoi/upstream_target/target/qnx7/x86_64/opt/lib]
  collapse library dir [/home/chachoi/upstream_target/host/linux/x86_64/usr/lib/gcc/x86_64-pc-nto-qnx7.1.0/8.3.0] ==> [/home/chachoi/upstream_target/host/linux/x86_64/usr/lib/gcc/x86_64-pc-nto-qnx7.1.0/8.3.0]
  collapse library dir [/home/chachoi/upstream_target/target/qnx7/x86_64/lib/gcc/8.3.0] ==> [/home/chachoi/upstream_target/target/qnx7/x86_64/lib/gcc/8.3.0]
  collapse library dir [/home/chachoi/upstream_target/target/qnx7/usr/x86_64-pc-nto-qnx7.1.0/lib] ==> [/home/chachoi/upstream_target/target/qnx7/usr/x86_64-pc-nto-qnx7.1.0/lib]
  collapse library dir [/home/chachoi/upstream_target/target/qnx7/x86_64/lib] ==> [/home/chachoi/upstream_target/target/qnx7/x86_64/lib]
  collapse library dir [/home/chachoi/upstream_target/target/qnx7/x86_64/usr/lib] ==> [/home/chachoi/upstream_target/target/qnx7/x86_64/usr/lib]
  collapse library dir [/home/chachoi/upstream_target/target/qnx7/x86_64/opt/lib] ==> [/home/chachoi/upstream_target/target/qnx7/x86_64/opt/lib]
  implicit libs: [c;cS;gcc_s]
  implicit dirs: [/home/chachoi/upstream_target/target/qnx7/x86_64/lib;/home/chachoi/upstream_target/target/qnx7/x86_64/usr/lib;/home/chachoi/upstream_target/target/qnx7/x86_64/opt/lib;/home/chachoi/upstream_target/host/linux/x86_64/usr/lib/gcc/x86_64-pc-nto-qnx7.1.0/8.3.0;/home/chachoi/upstream_target/target/qnx7/x86_64/lib/gcc/8.3.0;/home/chachoi/upstream_target/target/qnx7/usr/x86_64-pc-nto-qnx7.1.0/lib]
  implicit fwks: []


Detecting CXX compiler ABI info compiled with the following output:
Change Dir: /home/chachoi/upstream/googletest/build_qnx/nto/x86_64/so/build/CMakeFiles/CMakeTmp

Run Build Command(s):/home/chachoi/upstream_target/host/linux/x86_64/usr/bin/make cmTC_df2a4/fast && make[4]: Entering directory '/home/chachoi/upstream/googletest/build_qnx/nto/x86_64/so/build/CMakeFiles/CMakeTmp'
/home/chachoi/upstream_target/host/linux/x86_64/usr/bin/make  -f CMakeFiles/cmTC_df2a4.dir/build.make CMakeFiles/cmTC_df2a4.dir/build
make[5]: Entering directory '/home/chachoi/upstream/googletest/build_qnx/nto/x86_64/so/build/CMakeFiles/CMakeTmp'
Building CXX object CMakeFiles/cmTC_df2a4.dir/CMakeCXXCompilerABI.cpp.o
/home/chachoi/upstream_target/host/linux/x86_64/usr/bin/qcc -lang-c++   -Vgcc_ntox86_64 -std=gnu++11   -I. -I/home/chachoi/upstream/googletest/build_qnx/nto/x86_64/so -I/home/chachoi/upstream/googletest/build_qnx/nto/x86_64 -I/home/chachoi/upstream/googletest/build_qnx/nto -I/home/chachoi/upstream/googletest/build_qnx -I/home/chachoi/upstream_target/target/qnx7/usr/include    -v -o CMakeFiles/cmTC_df2a4.dir/CMakeCXXCompilerABI.cpp.o -c /usr/share/cmake-3.18/Modules/CMakeCXXCompilerABI.cpp
cc: looking for gcc_ntox86_64 in /home/chachoi/upstream_target/host/linux/x86_64/etc/qcc/gcc/8.3.0/gcc_ntox86_64++.conf
cc: looking for gcc_ntox86_64 in /home/chachoi/upstream_target/host/linux/x86_64/etc/qcc/gcc/8.3.0/gcc_ntox86_64.conf
/home/chachoi/upstream_target/host/linux/x86_64/usr/lib/gcc/x86_64-pc-nto-qnx7.1.0/8.3.0/cc1plus -I. -I/home/chachoi/upstream/googletest/build_qnx/nto/x86_64/so -I/home/chachoi/upstream/googletest/build_qnx/nto/x86_64 -I/home/chachoi/upstream/googletest/build_qnx/nto -I/home/chachoi/upstream/googletest/build_qnx -I/home/chachoi/upstream_target/target/qnx7/usr/include -quiet -fstack-protector-strong -mcmodel=small -nostdinc -nostdinc++ -std=gnu++11 -D__QNX__ -D__QNXNTO__ -D__GNUC__=8 -D__GNUC_MINOR__=3 -D__GNUC_PATCHLEVEL__=0 -D__NO_INLINE__ -D__DEPRECATED -D__unix__ -D__unix -D__ELF__ -fPIE -D__X86_64__ -D__LITTLEENDIAN__ -Asystem(unix) -std=gnu++11 -isystem /home/chachoi/upstream_target/target/qnx7/usr/include/c++/v1 -isystem /home/chachoi/upstream_target/target/qnx7/usr/include -isystem /home/chachoi/upstream_target/host/linux/x86_64/usr/lib/gcc/x86_64-pc-nto-qnx7.1.0/8.3.0/include /usr/share/cmake-3.18/Modules/CMakeCXXCompilerABI.cpp -dumpbase /usr/share/cmake-3.18/Modules/CMakeCXXCompilerABI.cpp -o - | \
 /home/chachoi/upstream_target/host/linux/x86_64/usr/bin/x86_64-pc-nto-qnx7.1.0-as -o CMakeFiles/cmTC_df2a4.dir/CMakeCXXCompilerABI.cpp.o
Linking CXX executable cmTC_df2a4
/usr/bin/cmake -E cmake_link_script CMakeFiles/cmTC_df2a4.dir/link.txt --verbose=1
/home/chachoi/upstream_target/host/linux/x86_64/usr/bin/qcc -lang-c++  -Vgcc_ntox86_64 -std=gnu++11   -I. -I/home/chachoi/upstream/googletest/build_qnx/nto/x86_64/so -I/home/chachoi/upstream/googletest/build_qnx/nto/x86_64 -I/home/chachoi/upstream/googletest/build_qnx/nto -I/home/chachoi/upstream/googletest/build_qnx -I/home/chachoi/upstream_target/target/qnx7/usr/include   -Wl,--build-id=md5 -v CMakeFiles/cmTC_df2a4.dir/CMakeCXXCompilerABI.cpp.o -o cmTC_df2a4 
cc: looking for gcc_ntox86_64 in /home/chachoi/upstream_target/host/linux/x86_64/etc/qcc/gcc/8.3.0/gcc_ntox86_64++.conf
cc: looking for gcc_ntox86_64 in /home/chachoi/upstream_target/host/linux/x86_64/etc/qcc/gcc/8.3.0/gcc_ntox86_64.conf
/home/chachoi/upstream_target/host/linux/x86_64/usr/bin/x86_64-pc-nto-qnx7.1.0-ld -plugin=/home/chachoi/upstream_target/host/linux/x86_64/usr/lib/gcc/x86_64-pc-nto-qnx7.1.0/8.3.0/liblto_plugin.so -plugin-opt=/home/chachoi/upstream_target/host/linux/x86_64/usr/lib/gcc/x86_64-pc-nto-qnx7.1.0/8.3.0/lto-wrapper -plugin-opt=-fresolution=/tmp/filepQpNU4_qcc_2450203/tmp_qcc_2450203.res --dynamic-linker /usr/lib/ldqnx-64.so.2 --sysroot=/home/chachoi/upstream_target/target/qnx7/x86_64/ --hash-style=gnu --build-id=md5 --warn-shared-textrel -zrelro -znow -pie --eh-frame-hdr /home/chachoi/upstream_target/target/qnx7/x86_64/lib/crt1.o /home/chachoi/upstream_target/target/qnx7/x86_64/lib/crti.o /home/chachoi/upstream_target/host/linux/x86_64/usr/lib/gcc/x86_64-pc-nto-qnx7.1.0/8.3.0/pic/crtbegin.o --build-id=md5 CMakeFiles/cmTC_df2a4.dir/CMakeCXXCompilerABI.cpp.o -o cmTC_df2a4 -rpath-link /home/chachoi/upstream_target/target/qnx7/x86_64/lib:/home/chachoi/upstream_target/target/qnx7/x86_64/usr/lib:/home/chachoi/upstream_target/target/qnx7/x86_64/lib/gcc/8.3.0:/home/chachoi/upstream_target/target/qnx7/x86_64/opt/lib -Y/home/chachoi/upstream_target/target/qnx7/x86_64/lib:/home/chachoi/upstream_target/target/qnx7/x86_64/usr/lib:/home/chachoi/upstream_target/target/qnx7/x86_64/opt/lib -L/home/chachoi/upstream_target/host/linux/x86_64/usr/lib/gcc/x86_64-pc-nto-qnx7.1.0/8.3.0/ -L/home/chachoi/upstream_target/target/qnx7/x86_64/lib/gcc/8.3.0 -L/home/chachoi/upstream_target/target/qnx7/usr/x86_64-pc-nto-qnx7.1.0/lib/ -L/home/chachoi/upstream_target/target/qnx7/x86_64/lib/ -L/home/chachoi/upstream_target/target/qnx7/x86_64/lib -L/home/chachoi/upstream_target/target/qnx7/x86_64/usr/lib -L/home/chachoi/upstream_target/target/qnx7/x86_64/opt/lib -lc++ -lm -lc -lcS -lgcc_s -lgcc_eh /home/chachoi/upstream_target/host/linux/x86_64/usr/lib/gcc/x86_64-pc-nto-qnx7.1.0/8.3.0/pic/crtend.o /home/chachoi/upstream_target/target/qnx7/x86_64/lib/crtn.o
cc: unlinking /tmp/filepQpNU4_qcc_2450203/tmp_qcc_2450203.res
cc: removing  /tmp/filepQpNU4_qcc_2450203
make[5]: Leaving directory '/home/chachoi/upstream/googletest/build_qnx/nto/x86_64/so/build/CMakeFiles/CMakeTmp'
make[4]: Leaving directory '/home/chachoi/upstream/googletest/build_qnx/nto/x86_64/so/build/CMakeFiles/CMakeTmp'



Parsed CXX implicit include dir info from above output: rv=start
  warn: unable to parse implicit include dirs!


Parsed CXX implicit link information from above output:
  link line regex: [^( *|.*[/\])(ld|CMAKE_LINK_STARTFILE-NOTFOUND|([^/\]+-)?ld|collect2)[^/\]*( |$)]
  ignore line: [Change Dir: /home/chachoi/upstream/googletest/build_qnx/nto/x86_64/so/build/CMakeFiles/CMakeTmp]
  ignore line: []
  ignore line: [Run Build Command(s):/home/chachoi/upstream_target/host/linux/x86_64/usr/bin/make cmTC_df2a4/fast && make[4]: Entering directory '/home/chachoi/upstream/googletest/build_qnx/nto/x86_64/so/build/CMakeFiles/CMakeTmp']
  ignore line: [/home/chachoi/upstream_target/host/linux/x86_64/usr/bin/make  -f CMakeFiles/cmTC_df2a4.dir/build.make CMakeFiles/cmTC_df2a4.dir/build]
  ignore line: [make[5]: Entering directory '/home/chachoi/upstream/googletest/build_qnx/nto/x86_64/so/build/CMakeFiles/CMakeTmp']
  ignore line: [Building CXX object CMakeFiles/cmTC_df2a4.dir/CMakeCXXCompilerABI.cpp.o]
  ignore line: [/home/chachoi/upstream_target/host/linux/x86_64/usr/bin/qcc -lang-c++   -Vgcc_ntox86_64 -std=gnu++11   -I. -I/home/chachoi/upstream/googletest/build_qnx/nto/x86_64/so -I/home/chachoi/upstream/googletest/build_qnx/nto/x86_64 -I/home/chachoi/upstream/googletest/build_qnx/nto -I/home/chachoi/upstream/googletest/build_qnx -I/home/chachoi/upstream_target/target/qnx7/usr/include    -v -o CMakeFiles/cmTC_df2a4.dir/CMakeCXXCompilerABI.cpp.o -c /usr/share/cmake-3.18/Modules/CMakeCXXCompilerABI.cpp]
  ignore line: [cc: looking for gcc_ntox86_64 in /home/chachoi/upstream_target/host/linux/x86_64/etc/qcc/gcc/8.3.0/gcc_ntox86_64++.conf]
  ignore line: [cc: looking for gcc_ntox86_64 in /home/chachoi/upstream_target/host/linux/x86_64/etc/qcc/gcc/8.3.0/gcc_ntox86_64.conf]
  ignore line: [/home/chachoi/upstream_target/host/linux/x86_64/usr/lib/gcc/x86_64-pc-nto-qnx7.1.0/8.3.0/cc1plus -I. -I/home/chachoi/upstream/googletest/build_qnx/nto/x86_64/so -I/home/chachoi/upstream/googletest/build_qnx/nto/x86_64 -I/home/chachoi/upstream/googletest/build_qnx/nto -I/home/chachoi/upstream/googletest/build_qnx -I/home/chachoi/upstream_target/target/qnx7/usr/include -quiet -fstack-protector-strong -mcmodel=small -nostdinc -nostdinc++ -std=gnu++11 -D__QNX__ -D__QNXNTO__ -D__GNUC__=8 -D__GNUC_MINOR__=3 -D__GNUC_PATCHLEVEL__=0 -D__NO_INLINE__ -D__DEPRECATED -D__unix__ -D__unix -D__ELF__ -fPIE -D__X86_64__ -D__LITTLEENDIAN__ -Asystem(unix) -std=gnu++11 -isystem /home/chachoi/upstream_target/target/qnx7/usr/include/c++/v1 -isystem /home/chachoi/upstream_target/target/qnx7/usr/include -isystem /home/chachoi/upstream_target/host/linux/x86_64/usr/lib/gcc/x86_64-pc-nto-qnx7.1.0/8.3.0/include /usr/share/cmake-3.18/Modules/CMakeCXXCompilerABI.cpp -dumpbase /usr/share/cmake-3.18/Modules/CMakeCXXCompilerABI.cpp -o - | ; /home/chachoi/upstream_target/host/linux/x86_64/usr/bin/x86_64-pc-nto-qnx7.1.0-as -o CMakeFiles/cmTC_df2a4.dir/CMakeCXXCompilerABI.cpp.o]
  ignore line: [Linking CXX executable cmTC_df2a4]
  ignore line: [/usr/bin/cmake -E cmake_link_script CMakeFiles/cmTC_df2a4.dir/link.txt --verbose=1]
  ignore line: [/home/chachoi/upstream_target/host/linux/x86_64/usr/bin/qcc -lang-c++  -Vgcc_ntox86_64 -std=gnu++11   -I. -I/home/chachoi/upstream/googletest/build_qnx/nto/x86_64/so -I/home/chachoi/upstream/googletest/build_qnx/nto/x86_64 -I/home/chachoi/upstream/googletest/build_qnx/nto -I/home/chachoi/upstream/googletest/build_qnx -I/home/chachoi/upstream_target/target/qnx7/usr/include   -Wl --build-id=md5 -v CMakeFiles/cmTC_df2a4.dir/CMakeCXXCompilerABI.cpp.o -o cmTC_df2a4 ]
  ignore line: [cc: looking for gcc_ntox86_64 in /home/chachoi/upstream_target/host/linux/x86_64/etc/qcc/gcc/8.3.0/gcc_ntox86_64++.conf]
  ignore line: [cc: looking for gcc_ntox86_64 in /home/chachoi/upstream_target/host/linux/x86_64/etc/qcc/gcc/8.3.0/gcc_ntox86_64.conf]
  link line: [/home/chachoi/upstream_target/host/linux/x86_64/usr/bin/x86_64-pc-nto-qnx7.1.0-ld -plugin=/home/chachoi/upstream_target/host/linux/x86_64/usr/lib/gcc/x86_64-pc-nto-qnx7.1.0/8.3.0/liblto_plugin.so -plugin-opt=/home/chachoi/upstream_target/host/linux/x86_64/usr/lib/gcc/x86_64-pc-nto-qnx7.1.0/8.3.0/lto-wrapper -plugin-opt=-fresolution=/tmp/filepQpNU4_qcc_2450203/tmp_qcc_2450203.res --dynamic-linker /usr/lib/ldqnx-64.so.2 --sysroot=/home/chachoi/upstream_target/target/qnx7/x86_64/ --hash-style=gnu --build-id=md5 --warn-shared-textrel -zrelro -znow -pie --eh-frame-hdr /home/chachoi/upstream_target/target/qnx7/x86_64/lib/crt1.o /home/chachoi/upstream_target/target/qnx7/x86_64/lib/crti.o /home/chachoi/upstream_target/host/linux/x86_64/usr/lib/gcc/x86_64-pc-nto-qnx7.1.0/8.3.0/pic/crtbegin.o --build-id=md5 CMakeFiles/cmTC_df2a4.dir/CMakeCXXCompilerABI.cpp.o -o cmTC_df2a4 -rpath-link /home/chachoi/upstream_target/target/qnx7/x86_64/lib:/home/chachoi/upstream_target/target/qnx7/x86_64/usr/lib:/home/chachoi/upstream_target/target/qnx7/x86_64/lib/gcc/8.3.0:/home/chachoi/upstream_target/target/qnx7/x86_64/opt/lib -Y/home/chachoi/upstream_target/target/qnx7/x86_64/lib:/home/chachoi/upstream_target/target/qnx7/x86_64/usr/lib:/home/chachoi/upstream_target/target/qnx7/x86_64/opt/lib -L/home/chachoi/upstream_target/host/linux/x86_64/usr/lib/gcc/x86_64-pc-nto-qnx7.1.0/8.3.0/ -L/home/chachoi/upstream_target/target/qnx7/x86_64/lib/gcc/8.3.0 -L/home/chachoi/upstream_target/target/qnx7/usr/x86_64-pc-nto-qnx7.1.0/lib/ -L/home/chachoi/upstream_target/target/qnx7/x86_64/lib/ -L/home/chachoi/upstream_target/target/qnx7/x86_64/lib -L/home/chachoi/upstream_target/target/qnx7/x86_64/usr/lib -L/home/chachoi/upstream_target/target/qnx7/x86_64/opt/lib -lc++ -lm -lc -lcS -lgcc_s -lgcc_eh /home/chachoi/upstream_target/host/linux/x86_64/usr/lib/gcc/x86_64-pc-nto-qnx7.1.0/8.3.0/pic/crtend.o /home/chachoi/upstream_target/target/qnx7/x86_64/lib/crtn.o]
    arg [/home/chachoi/upstream_target/host/linux/x86_64/usr/bin/x86_64-pc-nto-qnx7.1.0-ld] ==> ignore
    arg [-plugin=/home/chachoi/upstream_target/host/linux/x86_64/usr/lib/gcc/x86_64-pc-nto-qnx7.1.0/8.3.0/liblto_plugin.so] ==> ignore
    arg [-plugin-opt=/home/chachoi/upstream_target/host/linux/x86_64/usr/lib/gcc/x86_64-pc-nto-qnx7.1.0/8.3.0/lto-wrapper] ==> ignore
    arg [-plugin-opt=-fresolution=/tmp/filepQpNU4_qcc_2450203/tmp_qcc_2450203.res] ==> ignore
    arg [--dynamic-linker] ==> ignore
    arg [/usr/lib/ldqnx-64.so.2] ==> ignore
    arg [--sysroot=/home/chachoi/upstream_target/target/qnx7/x86_64/] ==> ignore
    arg [--hash-style=gnu] ==> ignore
    arg [--build-id=md5] ==> ignore
    arg [--warn-shared-textrel] ==> ignore
    arg [-zrelro] ==> ignore
    arg [-znow] ==> ignore
    arg [-pie] ==> ignore
    arg [--eh-frame-hdr] ==> ignore
    arg [/home/chachoi/upstream_target/target/qnx7/x86_64/lib/crt1.o] ==> ignore
    arg [/home/chachoi/upstream_target/target/qnx7/x86_64/lib/crti.o] ==> ignore
    arg [/home/chachoi/upstream_target/host/linux/x86_64/usr/lib/gcc/x86_64-pc-nto-qnx7.1.0/8.3.0/pic/crtbegin.o] ==> ignore
    arg [--build-id=md5] ==> ignore
    arg [CMakeFiles/cmTC_df2a4.dir/CMakeCXXCompilerABI.cpp.o] ==> ignore
    arg [-o] ==> ignore
    arg [cmTC_df2a4] ==> ignore
    arg [-rpath-link] ==> ignore
    arg [/home/chachoi/upstream_target/target/qnx7/x86_64/lib:/home/chachoi/upstream_target/target/qnx7/x86_64/usr/lib:/home/chachoi/upstream_target/target/qnx7/x86_64/lib/gcc/8.3.0:/home/chachoi/upstream_target/target/qnx7/x86_64/opt/lib] ==> ignore
    arg [-Y/home/chachoi/upstream_target/target/qnx7/x86_64/lib:/home/chachoi/upstream_target/target/qnx7/x86_64/usr/lib:/home/chachoi/upstream_target/target/qnx7/x86_64/opt/lib] ==> dirs [/home/chachoi/upstream_target/target/qnx7/x86_64/lib;/home/chachoi/upstream_target/target/qnx7/x86_64/usr/lib;/home/chachoi/upstream_target/target/qnx7/x86_64/opt/lib]
    arg [-L/home/chachoi/upstream_target/host/linux/x86_64/usr/lib/gcc/x86_64-pc-nto-qnx7.1.0/8.3.0/] ==> dir [/home/chachoi/upstream_target/host/linux/x86_64/usr/lib/gcc/x86_64-pc-nto-qnx7.1.0/8.3.0/]
    arg [-L/home/chachoi/upstream_target/target/qnx7/x86_64/lib/gcc/8.3.0] ==> dir [/home/chachoi/upstream_target/target/qnx7/x86_64/lib/gcc/8.3.0]
    arg [-L/home/chachoi/upstream_target/target/qnx7/usr/x86_64-pc-nto-qnx7.1.0/lib/] ==> dir [/home/chachoi/upstream_target/target/qnx7/usr/x86_64-pc-nto-qnx7.1.0/lib/]
    arg [-L/home/chachoi/upstream_target/target/qnx7/x86_64/lib/] ==> dir [/home/chachoi/upstream_target/target/qnx7/x86_64/lib/]
    arg [-L/home/chachoi/upstream_target/target/qnx7/x86_64/lib] ==> dir [/home/chachoi/upstream_target/target/qnx7/x86_64/lib]
    arg [-L/home/chachoi/upstream_target/target/qnx7/x86_64/usr/lib] ==> dir [/home/chachoi/upstream_target/target/qnx7/x86_64/usr/lib]
    arg [-L/home/chachoi/upstream_target/target/qnx7/x86_64/opt/lib] ==> dir [/home/chachoi/upstream_target/target/qnx7/x86_64/opt/lib]
    arg [-lc++] ==> lib [c++]
    arg [-lm] ==> lib [m]
    arg [-lc] ==> lib [c]
    arg [-lcS] ==> lib [cS]
    arg [-lgcc_s] ==> lib [gcc_s]
    arg [-lgcc_eh] ==> lib [gcc_eh]
    arg [/home/chachoi/upstream_target/host/linux/x86_64/usr/lib/gcc/x86_64-pc-nto-qnx7.1.0/8.3.0/pic/crtend.o] ==> ignore
    arg [/home/chachoi/upstream_target/target/qnx7/x86_64/lib/crtn.o] ==> ignore
  remove lib [gcc_eh]
  collapse library dir [/home/chachoi/upstream_target/target/qnx7/x86_64/lib] ==> [/home/chachoi/upstream_target/target/qnx7/x86_64/lib]
  collapse library dir [/home/chachoi/upstream_target/target/qnx7/x86_64/usr/lib] ==> [/home/chachoi/upstream_target/target/qnx7/x86_64/usr/lib]
  collapse library dir [/home/chachoi/upstream_target/target/qnx7/x86_64/opt/lib] ==> [/home/chachoi/upstream_target/target/qnx7/x86_64/opt/lib]
  collapse library dir [/home/chachoi/upstream_target/host/linux/x86_64/usr/lib/gcc/x86_64-pc-nto-qnx7.1.0/8.3.0/] ==> [/home/chachoi/upstream_target/host/linux/x86_64/usr/lib/gcc/x86_64-pc-nto-qnx7.1.0/8.3.0]
  collapse library dir [/home/chachoi/upstream_target/target/qnx7/x86_64/lib/gcc/8.3.0] ==> [/home/chachoi/upstream_target/target/qnx7/x86_64/lib/gcc/8.3.0]
  collapse library dir [/home/chachoi/upstream_target/target/qnx7/usr/x86_64-pc-nto-qnx7.1.0/lib/] ==> [/home/chachoi/upstream_target/target/qnx7/usr/x86_64-pc-nto-qnx7.1.0/lib]
  collapse library dir [/home/chachoi/upstream_target/target/qnx7/x86_64/lib/] ==> [/home/chachoi/upstream_target/target/qnx7/x86_64/lib]
  collapse library dir [/home/chachoi/upstream_target/target/qnx7/x86_64/lib] ==> [/home/chachoi/upstream_target/target/qnx7/x86_64/lib]
  collapse library dir [/home/chachoi/upstream_target/target/qnx7/x86_64/usr/lib] ==> [/home/chachoi/upstream_target/target/qnx7/x86_64/usr/lib]
  collapse library dir [/home/chachoi/upstream_target/target/qnx7/x86_64/opt/lib] ==> [/home/chachoi/upstream_target/target/qnx7/x86_64/opt/lib]
  implicit libs: [c++;m;c;cS;gcc_s]
  implicit dirs: [/home/chachoi/upstream_target/target/qnx7/x86_64/lib;/home/chachoi/upstream_target/target/qnx7/x86_64/usr/lib;/home/chachoi/upstream_target/target/qnx7/x86_64/opt/lib;/home/chachoi/upstream_target/host/linux/x86_64/usr/lib/gcc/x86_64-pc-nto-qnx7.1.0/8.3.0;/home/chachoi/upstream_target/target/qnx7/x86_64/lib/gcc/8.3.0;/home/chachoi/upstream_target/target/qnx7/usr/x86_64-pc-nto-qnx7.1.0/lib]
  implicit fwks: []


Determining if the include file pthread.h exists passed with the following output:
Change Dir: /home/chachoi/upstream/googletest/build_qnx/nto/x86_64/so/build/CMakeFiles/CMakeTmp

Run Build Command(s):/home/chachoi/upstream_target/host/linux/x86_64/usr/bin/make cmTC_57c42/fast && make[4]: Entering directory '/home/chachoi/upstream/googletest/build_qnx/nto/x86_64/so/build/CMakeFiles/CMakeTmp'
/home/chachoi/upstream_target/host/linux/x86_64/usr/bin/make  -f CMakeFiles/cmTC_57c42.dir/build.make CMakeFiles/cmTC_57c42.dir/build
make[5]: Entering directory '/home/chachoi/upstream/googletest/build_qnx/nto/x86_64/so/build/CMakeFiles/CMakeTmp'
Building C object CMakeFiles/cmTC_57c42.dir/CheckIncludeFile.c.o
/home/chachoi/upstream_target/host/linux/x86_64/usr/bin/qcc   -Vgcc_ntox86_64   -I. -I/home/chachoi/upstream/googletest/build_qnx/nto/x86_64/so -I/home/chachoi/upstream/googletest/build_qnx/nto/x86_64 -I/home/chachoi/upstream/googletest/build_qnx/nto -I/home/chachoi/upstream/googletest/build_qnx -I/home/chachoi/upstream_target/target/qnx7/usr/include  -o CMakeFiles/cmTC_57c42.dir/CheckIncludeFile.c.o -c /home/chachoi/upstream/googletest/build_qnx/nto/x86_64/so/build/CMakeFiles/CMakeTmp/CheckIncludeFile.c
Linking C executable cmTC_57c42
/usr/bin/cmake -E cmake_link_script CMakeFiles/cmTC_57c42.dir/link.txt --verbose=1
/home/chachoi/upstream_target/host/linux/x86_64/usr/bin/qcc  -Vgcc_ntox86_64   -I. -I/home/chachoi/upstream/googletest/build_qnx/nto/x86_64/so -I/home/chachoi/upstream/googletest/build_qnx/nto/x86_64 -I/home/chachoi/upstream/googletest/build_qnx/nto -I/home/chachoi/upstream/googletest/build_qnx -I/home/chachoi/upstream_target/target/qnx7/usr/include   -Wl,--build-id=md5  CMakeFiles/cmTC_57c42.dir/CheckIncludeFile.c.o -o cmTC_57c42 
make[5]: Leaving directory '/home/chachoi/upstream/googletest/build_qnx/nto/x86_64/so/build/CMakeFiles/CMakeTmp'
make[4]: Leaving directory '/home/chachoi/upstream/googletest/build_qnx/nto/x86_64/so/build/CMakeFiles/CMakeTmp'



Performing C SOURCE FILE Test CMAKE_HAVE_LIBC_PTHREAD succeeded with the following output:
Change Dir: /home/chachoi/upstream/googletest/build_qnx/nto/x86_64/so/build/CMakeFiles/CMakeTmp

Run Build Command(s):/home/chachoi/upstream_target/host/linux/x86_64/usr/bin/make cmTC_0d651/fast && make[4]: Entering directory '/home/chachoi/upstream/googletest/build_qnx/nto/x86_64/so/build/CMakeFiles/CMakeTmp'
/home/chachoi/upstream_target/host/linux/x86_64/usr/bin/make  -f CMakeFiles/cmTC_0d651.dir/build.make CMakeFiles/cmTC_0d651.dir/build
make[5]: Entering directory '/home/chachoi/upstream/googletest/build_qnx/nto/x86_64/so/build/CMakeFiles/CMakeTmp'
Building C object CMakeFiles/cmTC_0d651.dir/src.c.o
/home/chachoi/upstream_target/host/linux/x86_64/usr/bin/qcc   -Vgcc_ntox86_64   -I. -I/home/chachoi/upstream/googletest/build_qnx/nto/x86_64/so -I/home/chachoi/upstream/googletest/build_qnx/nto/x86_64 -I/home/chachoi/upstream/googletest/build_qnx/nto -I/home/chachoi/upstream/googletest/build_qnx -I/home/chachoi/upstream_target/target/qnx7/usr/include -DCMAKE_HAVE_LIBC_PTHREAD -o CMakeFiles/cmTC_0d651.dir/src.c.o -c /home/chachoi/upstream/googletest/build_qnx/nto/x86_64/so/build/CMakeFiles/CMakeTmp/src.c
Linking C executable cmTC_0d651
/usr/bin/cmake -E cmake_link_script CMakeFiles/cmTC_0d651.dir/link.txt --verbose=1
/home/chachoi/upstream_target/host/linux/x86_64/usr/bin/qcc  -Vgcc_ntox86_64   -I. -I/home/chachoi/upstream/googletest/build_qnx/nto/x86_64/so -I/home/chachoi/upstream/googletest/build_qnx/nto/x86_64 -I/home/chachoi/upstream/googletest/build_qnx/nto -I/home/chachoi/upstream/googletest/build_qnx -I/home/chachoi/upstream_target/target/qnx7/usr/include -DCMAKE_HAVE_LIBC_PTHREAD  -Wl,--build-id=md5  CMakeFiles/cmTC_0d651.dir/src.c.o -o cmTC_0d651 
make[5]: Leaving directory '/home/chachoi/upstream/googletest/build_qnx/nto/x86_64/so/build/CMakeFiles/CMakeTmp'
make[4]: Leaving directory '/home/chachoi/upstream/googletest/build_qnx/nto/x86_64/so/build/CMakeFiles/CMakeTmp'


Source file was:
#include <pthread.h>

void* test_func(void* data)
{
  return data;
}

int main(void)
{
  pthread_t thread;
  pthread_create(&thread, NULL, test_func, NULL);
  pthread_detach(thread);
  pthread_cancel(thread);
  pthread_join(thread, NULL);
  pthread_atfork(NULL, NULL, NULL);
  pthread_exit(NULL);

  return 0;
}

